<?xml version="1.0" encoding="UTF-8"?>
<testsuite name="mapTest.MapCopy" tests="1" skipped="0" failures="0" errors="0" timestamp="2023-06-13T09:03:46" hostname="MBP-C02DM09FML7J" time="0.0">
  <properties/>
  <testcase name="test" classname="mapTest.MapCopy" time="0.0"/>
  <system-out><![CDATA[{}
]]></system-out>
  <system-err><![CDATA[]]></system-err>
</testsuite>
