<?xml version="1.0" encoding="UTF-8"?>
<testsuite name="Test1.Test1" tests="1" skipped="0" failures="0" errors="0" timestamp="2023-06-13T09:03:46" hostname="MBP-C02DM09FML7J" time="0.005">
  <properties/>
  <testcase name="test" classname="Test1.Test1" time="0.005"/>
  <system-out><![CDATA[[[Ljava.lang.Object;@58d75e99
]]></system-out>
  <system-err><![CDATA[]]></system-err>
</testsuite>
